build/app/intermediates/manifest_merge_blame_file/debug/manifest-merger-blame-debug-report.txt
1<?xml version="1.0" encoding="utf-8"?>
2<manifest xmlns:android="http://schemas.android.com/apk/res/android"
3    package="com.example.firebase_auth_project"
4    android:versionCode="1"
5    android:versionName="1.0.0" >
6
7    <uses-sdk
8        android:minSdkVersion="21"
9        android:targetSdkVersion="34" />
10    <!--
11         The INTERNET permission is required for development. Specifically,
12         the Flutter tool needs it to communicate with the running application
13         to allow setting breakpoints, to provide hot reload, etc.
14    -->
15    <uses-permission android:name="android.permission.INTERNET" />
15-->src\debug\AndroidManifest.xml:6:5-66
15-->src\debug\AndroidManifest.xml:6:22-64
16    <!--
17     Required to query activities that can process text, see:
18         https://developer.android.com/training/package-visibility?hl=en and
19         https://developer.android.com/reference/android/content/Intent#ACTION_PROCESS_TEXT.
20
21         In particular, this is used by the Flutter engine in io.flutter.plugin.text.ProcessTextPlugin.
22    -->
23    <queries>
23-->src\main\AndroidManifest.xml:43:5-48:15
24        <intent>
24-->src\main\AndroidManifest.xml:44:9-47:18
25            <action android:name="android.intent.action.PROCESS_TEXT" />
25-->src\main\AndroidManifest.xml:45:13-72
25-->src\main\AndroidManifest.xml:45:21-70
26
27            <data android:mimeType="text/plain" />
27-->src\main\AndroidManifest.xml:46:13-50
27-->src\main\AndroidManifest.xml:46:19-48
28        </intent>
29        <intent>
29-->[:file_picker] AndroidManifest.xml:14:9-18:18
30            <action android:name="android.intent.action.GET_CONTENT" />
30-->[:file_picker] AndroidManifest.xml:15:13-72
30-->[:file_picker] AndroidManifest.xml:15:21-69
31
32            <data android:mimeType="*/*" />
32-->src\main\AndroidManifest.xml:46:13-50
32-->src\main\AndroidManifest.xml:46:19-48
33        </intent>
34    </queries>
35
36    <uses-permission
36-->[:file_picker] AndroidManifest.xml:9:5-11:38
37        android:name="android.permission.READ_EXTERNAL_STORAGE"
37-->[:file_picker] AndroidManifest.xml:10:9-64
38        android:maxSdkVersion="32" />
38-->[:file_picker] AndroidManifest.xml:11:9-35
39    <uses-permission android:name="android.permission.ACCESS_NETWORK_STATE" />
39-->[com.google.firebase:firebase-auth:22.3.1] AndroidManifest.xml:26:5-79
39-->[com.google.firebase:firebase-auth:22.3.1] AndroidManifest.xml:26:22-76
40    <uses-permission android:name="com.google.android.providers.gsf.permission.READ_GSERVICES" />
40-->[com.google.android.recaptcha:recaptcha:18.4.0] AndroidManifest.xml:9:5-98
40-->[com.google.android.recaptcha:recaptcha:18.4.0] AndroidManifest.xml:9:22-95
41
42    <permission
42-->[androidx.core:core:1.10.1] AndroidManifest.xml:22:5-24:47
43        android:name="com.example.firebase_auth_project.DYNAMIC_RECEIVER_NOT_EXPORTED_PERMISSION"
43-->[androidx.core:core:1.10.1] AndroidManifest.xml:23:9-81
44        android:protectionLevel="signature" />
44-->[androidx.core:core:1.10.1] AndroidManifest.xml:24:9-44
45
46    <uses-permission android:name="com.example.firebase_auth_project.DYNAMIC_RECEIVER_NOT_EXPORTED_PERMISSION" />
46-->[androidx.core:core:1.10.1] AndroidManifest.xml:26:5-97
46-->[androidx.core:core:1.10.1] AndroidManifest.xml:26:22-94
47
48    <application
49        android:name="android.app.Application"
50        android:appComponentFactory="androidx.core.app.CoreComponentFactory"
50-->[androidx.core:core:1.10.1] AndroidManifest.xml:28:18-86
51        android:debuggable="true"
52        android:icon="@mipmap/ic_launcher"
53        android:label="flutter_firebse_project" >
54        <activity
55            android:name="com.example.flutter_firebse_project.MainActivity"
56            android:configChanges="orientation|keyboardHidden|keyboard|screenSize|smallestScreenSize|locale|layoutDirection|fontScale|screenLayout|density|uiMode"
57            android:exported="true"
58            android:hardwareAccelerated="true"
59            android:launchMode="singleTop"
60            android:theme="@style/LaunchTheme"
61            android:windowSoftInputMode="adjustResize" >
62
63            <!--
64                 Specifies an Android theme to apply to this Activity as soon as
65                 the Android process has started. This theme is visible to the user
66                 while the Flutter UI initializes. After that, this theme continues
67                 to determine the Window background behind the Flutter UI.
68            -->
69            <meta-data
70                android:name="io.flutter.embedding.android.NormalTheme"
71                android:resource="@style/NormalTheme" />
72            <meta-data
73                android:name="com.google.firebase.messaging.default_notification_channel_id"
74                android:value="default_channel_id" />
75
76            <intent-filter>
77                <action android:name="android.intent.action.MAIN" />
78
79                <category android:name="android.intent.category.LAUNCHER" />
80            </intent-filter>
81        </activity>
82        <!--
83             Don't delete the meta-data below.
84             This is used by the Flutter tool to generate GeneratedPluginRegistrant.java
85        -->
86        <meta-data
87            android:name="flutterEmbedding"
88            android:value="2" />
89
90        <service
90-->[:cloud_firestore] AndroidManifest.xml:10:9-14:19
91            android:name="com.google.firebase.components.ComponentDiscoveryService"
91-->[:cloud_firestore] AndroidManifest.xml:10:18-89
92            android:directBootAware="true"
92-->[com.google.firebase:firebase-common:20.4.3] AndroidManifest.xml:32:13-43
93            android:exported="false" >
93-->[com.google.firebase:firebase-auth:22.3.1] AndroidManifest.xml:68:13-37
94            <meta-data
94-->[:cloud_firestore] AndroidManifest.xml:11:13-13:85
95                android:name="com.google.firebase.components:io.flutter.plugins.firebase.firestore.FlutterFirebaseFirestoreRegistrar"
95-->[:cloud_firestore] AndroidManifest.xml:12:17-134
96                android:value="com.google.firebase.components.ComponentRegistrar" />
96-->[:cloud_firestore] AndroidManifest.xml:13:17-82
97            <meta-data
97-->[:firebase_auth] AndroidManifest.xml:11:13-13:85
98                android:name="com.google.firebase.components:io.flutter.plugins.firebase.auth.FlutterFirebaseAuthRegistrar"
98-->[:firebase_auth] AndroidManifest.xml:12:17-124
99                android:value="com.google.firebase.components.ComponentRegistrar" />
99-->[:firebase_auth] AndroidManifest.xml:13:17-82
100            <meta-data
100-->[:firebase_database] AndroidManifest.xml:11:13-13:85
101                android:name="com.google.firebase.components:io.flutter.plugins.firebase.database.FlutterFirebaseAppRegistrar"
101-->[:firebase_database] AndroidManifest.xml:12:17-127
102                android:value="com.google.firebase.components.ComponentRegistrar" />
102-->[:firebase_database] AndroidManifest.xml:13:17-82
103            <meta-data
103-->[:firebase_storage] AndroidManifest.xml:11:13-13:85
104                android:name="com.google.firebase.components:io.flutter.plugins.firebase.storage.FlutterFirebaseAppRegistrar"
104-->[:firebase_storage] AndroidManifest.xml:12:17-126
105                android:value="com.google.firebase.components.ComponentRegistrar" />
105-->[:firebase_storage] AndroidManifest.xml:13:17-82
106            <meta-data
106-->[:firebase_core] AndroidManifest.xml:11:13-13:85
107                android:name="com.google.firebase.components:io.flutter.plugins.firebase.core.FlutterFirebaseCoreRegistrar"
107-->[:firebase_core] AndroidManifest.xml:12:17-124
108                android:value="com.google.firebase.components.ComponentRegistrar" />
108-->[:firebase_core] AndroidManifest.xml:13:17-82
109            <meta-data
109-->[com.google.firebase:firebase-auth:22.3.1] AndroidManifest.xml:69:13-71:85
110                android:name="com.google.firebase.components:com.google.firebase.auth.FirebaseAuthRegistrar"
110-->[com.google.firebase:firebase-auth:22.3.1] AndroidManifest.xml:70:17-109
111                android:value="com.google.firebase.components.ComponentRegistrar" />
111-->[com.google.firebase:firebase-auth:22.3.1] AndroidManifest.xml:71:17-82
112            <meta-data
112-->[com.google.firebase:firebase-firestore:24.11.0] AndroidManifest.xml:17:13-19:85
113                android:name="com.google.firebase.components:com.google.firebase.firestore.FirebaseFirestoreKtxRegistrar"
113-->[com.google.firebase:firebase-firestore:24.11.0] AndroidManifest.xml:18:17-122
114                android:value="com.google.firebase.components.ComponentRegistrar" />
114-->[com.google.firebase:firebase-firestore:24.11.0] AndroidManifest.xml:19:17-82
115            <meta-data
115-->[com.google.firebase:firebase-firestore:24.11.0] AndroidManifest.xml:20:13-22:85
116                android:name="com.google.firebase.components:com.google.firebase.firestore.FirestoreRegistrar"
116-->[com.google.firebase:firebase-firestore:24.11.0] AndroidManifest.xml:21:17-111
117                android:value="com.google.firebase.components.ComponentRegistrar" />
117-->[com.google.firebase:firebase-firestore:24.11.0] AndroidManifest.xml:22:17-82
118            <meta-data
118-->[com.google.firebase:firebase-storage:20.3.0] AndroidManifest.xml:30:13-32:85
119                android:name="com.google.firebase.components:com.google.firebase.storage.FirebaseStorageKtxRegistrar"
119-->[com.google.firebase:firebase-storage:20.3.0] AndroidManifest.xml:31:17-118
120                android:value="com.google.firebase.components.ComponentRegistrar" />
120-->[com.google.firebase:firebase-storage:20.3.0] AndroidManifest.xml:32:17-82
121            <meta-data
121-->[com.google.firebase:firebase-storage:20.3.0] AndroidManifest.xml:33:13-35:85
122                android:name="com.google.firebase.components:com.google.firebase.storage.StorageRegistrar"
122-->[com.google.firebase:firebase-storage:20.3.0] AndroidManifest.xml:34:17-107
123                android:value="com.google.firebase.components.ComponentRegistrar" />
123-->[com.google.firebase:firebase-storage:20.3.0] AndroidManifest.xml:35:17-82
124            <meta-data
124-->[com.google.firebase:firebase-database:20.3.1] AndroidManifest.xml:29:13-31:85
125                android:name="com.google.firebase.components:com.google.firebase.database.FirebaseDatabaseKtxRegistrar"
125-->[com.google.firebase:firebase-database:20.3.1] AndroidManifest.xml:30:17-120
126                android:value="com.google.firebase.components.ComponentRegistrar" />
126-->[com.google.firebase:firebase-database:20.3.1] AndroidManifest.xml:31:17-82
127            <meta-data
127-->[com.google.firebase:firebase-database:20.3.1] AndroidManifest.xml:32:13-34:85
128                android:name="com.google.firebase.components:com.google.firebase.database.DatabaseRegistrar"
128-->[com.google.firebase:firebase-database:20.3.1] AndroidManifest.xml:33:17-109
129                android:value="com.google.firebase.components.ComponentRegistrar" />
129-->[com.google.firebase:firebase-database:20.3.1] AndroidManifest.xml:34:17-82
130            <meta-data
130-->[com.google.firebase:firebase-appcheck:17.1.2] AndroidManifest.xml:25:13-27:85
131                android:name="com.google.firebase.components:com.google.firebase.appcheck.FirebaseAppCheckKtxRegistrar"
131-->[com.google.firebase:firebase-appcheck:17.1.2] AndroidManifest.xml:26:17-120
132                android:value="com.google.firebase.components.ComponentRegistrar" />
132-->[com.google.firebase:firebase-appcheck:17.1.2] AndroidManifest.xml:27:17-82
133            <meta-data
133-->[com.google.firebase:firebase-appcheck:17.1.2] AndroidManifest.xml:28:13-30:85
134                android:name="com.google.firebase.components:com.google.firebase.appcheck.FirebaseAppCheckRegistrar"
134-->[com.google.firebase:firebase-appcheck:17.1.2] AndroidManifest.xml:29:17-117
135                android:value="com.google.firebase.components.ComponentRegistrar" />
135-->[com.google.firebase:firebase-appcheck:17.1.2] AndroidManifest.xml:30:17-82
136            <meta-data
136-->[com.google.firebase:firebase-common-ktx:20.4.3] AndroidManifest.xml:12:13-14:85
137                android:name="com.google.firebase.components:com.google.firebase.ktx.FirebaseCommonLegacyRegistrar"
137-->[com.google.firebase:firebase-common-ktx:20.4.3] AndroidManifest.xml:13:17-116
138                android:value="com.google.firebase.components.ComponentRegistrar" />
138-->[com.google.firebase:firebase-common-ktx:20.4.3] AndroidManifest.xml:14:17-82
139            <meta-data
139-->[com.google.firebase:firebase-common:20.4.3] AndroidManifest.xml:35:13-37:85
140                android:name="com.google.firebase.components:com.google.firebase.FirebaseCommonKtxRegistrar"
140-->[com.google.firebase:firebase-common:20.4.3] AndroidManifest.xml:36:17-109
141                android:value="com.google.firebase.components.ComponentRegistrar" />
141-->[com.google.firebase:firebase-common:20.4.3] AndroidManifest.xml:37:17-82
142        </service>
143
144        <provider
144-->[:image_picker_android] AndroidManifest.xml:11:9-19:20
145            android:name="io.flutter.plugins.imagepicker.ImagePickerFileProvider"
145-->[:image_picker_android] AndroidManifest.xml:12:13-82
146            android:authorities="com.example.firebase_auth_project.flutter.image_provider"
146-->[:image_picker_android] AndroidManifest.xml:13:13-74
147            android:exported="false"
147-->[:image_picker_android] AndroidManifest.xml:14:13-37
148            android:grantUriPermissions="true" >
148-->[:image_picker_android] AndroidManifest.xml:15:13-47
149            <meta-data
149-->[:image_picker_android] AndroidManifest.xml:16:13-18:75
150                android:name="android.support.FILE_PROVIDER_PATHS"
150-->[:image_picker_android] AndroidManifest.xml:17:17-67
151                android:resource="@xml/flutter_image_picker_file_paths" />
151-->[:image_picker_android] AndroidManifest.xml:18:17-72
152        </provider> <!-- Trigger Google Play services to install the backported photo picker module. -->
153        <service
153-->[:image_picker_android] AndroidManifest.xml:21:9-33:19
154            android:name="com.google.android.gms.metadata.ModuleDependencies"
154-->[:image_picker_android] AndroidManifest.xml:22:13-78
155            android:enabled="false"
155-->[:image_picker_android] AndroidManifest.xml:23:13-36
156            android:exported="false" >
156-->[:image_picker_android] AndroidManifest.xml:24:13-37
157            <intent-filter>
157-->[:image_picker_android] AndroidManifest.xml:26:13-28:29
158                <action android:name="com.google.android.gms.metadata.MODULE_DEPENDENCIES" />
158-->[:image_picker_android] AndroidManifest.xml:27:17-94
158-->[:image_picker_android] AndroidManifest.xml:27:25-91
159            </intent-filter>
160
161            <meta-data
161-->[:image_picker_android] AndroidManifest.xml:30:13-32:36
162                android:name="photopicker_activity:0:required"
162-->[:image_picker_android] AndroidManifest.xml:31:17-63
163                android:value="" />
163-->[:image_picker_android] AndroidManifest.xml:32:17-33
164        </service>
165
166        <activity
166-->[:url_launcher_android] AndroidManifest.xml:10:9-13:74
167            android:name="io.flutter.plugins.urllauncher.WebViewActivity"
167-->[:url_launcher_android] AndroidManifest.xml:11:13-74
168            android:exported="false"
168-->[:url_launcher_android] AndroidManifest.xml:12:13-37
169            android:theme="@android:style/Theme.NoTitleBar.Fullscreen" />
169-->[:url_launcher_android] AndroidManifest.xml:13:13-71
170        <activity
170-->[com.google.firebase:firebase-auth:22.3.1] AndroidManifest.xml:29:9-46:20
171            android:name="com.google.firebase.auth.internal.GenericIdpActivity"
171-->[com.google.firebase:firebase-auth:22.3.1] AndroidManifest.xml:30:13-80
172            android:excludeFromRecents="true"
172-->[com.google.firebase:firebase-auth:22.3.1] AndroidManifest.xml:31:13-46
173            android:exported="true"
173-->[com.google.firebase:firebase-auth:22.3.1] AndroidManifest.xml:32:13-36
174            android:launchMode="singleTask"
174-->[com.google.firebase:firebase-auth:22.3.1] AndroidManifest.xml:33:13-44
175            android:theme="@android:style/Theme.Translucent.NoTitleBar" >
175-->[com.google.firebase:firebase-auth:22.3.1] AndroidManifest.xml:34:13-72
176            <intent-filter>
176-->[com.google.firebase:firebase-auth:22.3.1] AndroidManifest.xml:35:13-45:29
177                <action android:name="android.intent.action.VIEW" />
177-->[com.google.firebase:firebase-auth:22.3.1] AndroidManifest.xml:36:17-69
177-->[com.google.firebase:firebase-auth:22.3.1] AndroidManifest.xml:36:25-66
178
179                <category android:name="android.intent.category.DEFAULT" />
179-->[com.google.firebase:firebase-auth:22.3.1] AndroidManifest.xml:38:17-76
179-->[com.google.firebase:firebase-auth:22.3.1] AndroidManifest.xml:38:27-73
180                <category android:name="android.intent.category.BROWSABLE" />
180-->[com.google.firebase:firebase-auth:22.3.1] AndroidManifest.xml:39:17-78
180-->[com.google.firebase:firebase-auth:22.3.1] AndroidManifest.xml:39:27-75
181
182                <data
182-->src\main\AndroidManifest.xml:46:13-50
183                    android:host="firebase.auth"
184                    android:path="/"
185                    android:scheme="genericidp" />
186            </intent-filter>
187        </activity>
188        <activity
188-->[com.google.firebase:firebase-auth:22.3.1] AndroidManifest.xml:47:9-64:20
189            android:name="com.google.firebase.auth.internal.RecaptchaActivity"
189-->[com.google.firebase:firebase-auth:22.3.1] AndroidManifest.xml:48:13-79
190            android:excludeFromRecents="true"
190-->[com.google.firebase:firebase-auth:22.3.1] AndroidManifest.xml:49:13-46
191            android:exported="true"
191-->[com.google.firebase:firebase-auth:22.3.1] AndroidManifest.xml:50:13-36
192            android:launchMode="singleTask"
192-->[com.google.firebase:firebase-auth:22.3.1] AndroidManifest.xml:51:13-44
193            android:theme="@android:style/Theme.Translucent.NoTitleBar" >
193-->[com.google.firebase:firebase-auth:22.3.1] AndroidManifest.xml:52:13-72
194            <intent-filter>
194-->[com.google.firebase:firebase-auth:22.3.1] AndroidManifest.xml:53:13-63:29
195                <action android:name="android.intent.action.VIEW" />
195-->[com.google.firebase:firebase-auth:22.3.1] AndroidManifest.xml:36:17-69
195-->[com.google.firebase:firebase-auth:22.3.1] AndroidManifest.xml:36:25-66
196
197                <category android:name="android.intent.category.DEFAULT" />
197-->[com.google.firebase:firebase-auth:22.3.1] AndroidManifest.xml:38:17-76
197-->[com.google.firebase:firebase-auth:22.3.1] AndroidManifest.xml:38:27-73
198                <category android:name="android.intent.category.BROWSABLE" />
198-->[com.google.firebase:firebase-auth:22.3.1] AndroidManifest.xml:39:17-78
198-->[com.google.firebase:firebase-auth:22.3.1] AndroidManifest.xml:39:27-75
199
200                <data
200-->src\main\AndroidManifest.xml:46:13-50
201                    android:host="firebase.auth"
202                    android:path="/"
203                    android:scheme="recaptcha" />
204            </intent-filter>
205        </activity>
206        <activity
206-->[com.google.android.gms:play-services-auth:21.0.0] AndroidManifest.xml:23:9-27:75
207            android:name="com.google.android.gms.auth.api.signin.internal.SignInHubActivity"
207-->[com.google.android.gms:play-services-auth:21.0.0] AndroidManifest.xml:24:13-93
208            android:excludeFromRecents="true"
208-->[com.google.android.gms:play-services-auth:21.0.0] AndroidManifest.xml:25:13-46
209            android:exported="false"
209-->[com.google.android.gms:play-services-auth:21.0.0] AndroidManifest.xml:26:13-37
210            android:theme="@android:style/Theme.Translucent.NoTitleBar" />
210-->[com.google.android.gms:play-services-auth:21.0.0] AndroidManifest.xml:27:13-72
211        <!--
212            Service handling Google Sign-In user revocation. For apps that do not integrate with
213            Google Sign-In, this service will never be started.
214        -->
215        <service
215-->[com.google.android.gms:play-services-auth:21.0.0] AndroidManifest.xml:33:9-37:51
216            android:name="com.google.android.gms.auth.api.signin.RevocationBoundService"
216-->[com.google.android.gms:play-services-auth:21.0.0] AndroidManifest.xml:34:13-89
217            android:exported="true"
217-->[com.google.android.gms:play-services-auth:21.0.0] AndroidManifest.xml:35:13-36
218            android:permission="com.google.android.gms.auth.api.signin.permission.REVOCATION_NOTIFICATION"
218-->[com.google.android.gms:play-services-auth:21.0.0] AndroidManifest.xml:36:13-107
219            android:visibleToInstantApps="true" />
219-->[com.google.android.gms:play-services-auth:21.0.0] AndroidManifest.xml:37:13-48
220
221        <provider
221-->[com.google.firebase:firebase-common:20.4.3] AndroidManifest.xml:23:9-28:39
222            android:name="com.google.firebase.provider.FirebaseInitProvider"
222-->[com.google.firebase:firebase-common:20.4.3] AndroidManifest.xml:24:13-77
223            android:authorities="com.example.firebase_auth_project.firebaseinitprovider"
223-->[com.google.firebase:firebase-common:20.4.3] AndroidManifest.xml:25:13-72
224            android:directBootAware="true"
224-->[com.google.firebase:firebase-common:20.4.3] AndroidManifest.xml:26:13-43
225            android:exported="false"
225-->[com.google.firebase:firebase-common:20.4.3] AndroidManifest.xml:27:13-37
226            android:initOrder="100" />
226-->[com.google.firebase:firebase-common:20.4.3] AndroidManifest.xml:28:13-36
227
228        <activity
228-->[com.google.android.gms:play-services-base:18.1.0] AndroidManifest.xml:20:9-22:45
229            android:name="com.google.android.gms.common.api.GoogleApiActivity"
229-->[com.google.android.gms:play-services-base:18.1.0] AndroidManifest.xml:20:19-85
230            android:exported="false"
230-->[com.google.android.gms:play-services-base:18.1.0] AndroidManifest.xml:22:19-43
231            android:theme="@android:style/Theme.Translucent.NoTitleBar" />
231-->[com.google.android.gms:play-services-base:18.1.0] AndroidManifest.xml:21:19-78
232
233        <meta-data
233-->[com.google.android.gms:play-services-basement:18.3.0] AndroidManifest.xml:21:9-23:69
234            android:name="com.google.android.gms.version"
234-->[com.google.android.gms:play-services-basement:18.3.0] AndroidManifest.xml:22:13-58
235            android:value="@integer/google_play_services_version" />
235-->[com.google.android.gms:play-services-basement:18.3.0] AndroidManifest.xml:23:13-66
236
237        <uses-library
237-->[androidx.window:window:1.0.0-beta04] AndroidManifest.xml:25:9-27:40
238            android:name="androidx.window.extensions"
238-->[androidx.window:window:1.0.0-beta04] AndroidManifest.xml:26:13-54
239            android:required="false" />
239-->[androidx.window:window:1.0.0-beta04] AndroidManifest.xml:27:13-37
240        <uses-library
240-->[androidx.window:window:1.0.0-beta04] AndroidManifest.xml:28:9-30:40
241            android:name="androidx.window.sidecar"
241-->[androidx.window:window:1.0.0-beta04] AndroidManifest.xml:29:13-51
242            android:required="false" />
242-->[androidx.window:window:1.0.0-beta04] AndroidManifest.xml:30:13-37
243
244        <provider
244-->[androidx.profileinstaller:profileinstaller:1.3.0] AndroidManifest.xml:24:9-32:20
245            android:name="androidx.startup.InitializationProvider"
245-->[androidx.profileinstaller:profileinstaller:1.3.0] AndroidManifest.xml:25:13-67
246            android:authorities="com.example.firebase_auth_project.androidx-startup"
246-->[androidx.profileinstaller:profileinstaller:1.3.0] AndroidManifest.xml:26:13-68
247            android:exported="false" >
247-->[androidx.profileinstaller:profileinstaller:1.3.0] AndroidManifest.xml:27:13-37
248            <meta-data
248-->[androidx.profileinstaller:profileinstaller:1.3.0] AndroidManifest.xml:29:13-31:52
249                android:name="androidx.profileinstaller.ProfileInstallerInitializer"
249-->[androidx.profileinstaller:profileinstaller:1.3.0] AndroidManifest.xml:30:17-85
250                android:value="androidx.startup" />
250-->[androidx.profileinstaller:profileinstaller:1.3.0] AndroidManifest.xml:31:17-49
251        </provider>
252
253        <receiver
253-->[androidx.profileinstaller:profileinstaller:1.3.0] AndroidManifest.xml:34:9-52:20
254            android:name="androidx.profileinstaller.ProfileInstallReceiver"
254-->[androidx.profileinstaller:profileinstaller:1.3.0] AndroidManifest.xml:35:13-76
255            android:directBootAware="false"
255-->[androidx.profileinstaller:profileinstaller:1.3.0] AndroidManifest.xml:36:13-44
256            android:enabled="true"
256-->[androidx.profileinstaller:profileinstaller:1.3.0] AndroidManifest.xml:37:13-35
257            android:exported="true"
257-->[androidx.profileinstaller:profileinstaller:1.3.0] AndroidManifest.xml:38:13-36
258            android:permission="android.permission.DUMP" >
258-->[androidx.profileinstaller:profileinstaller:1.3.0] AndroidManifest.xml:39:13-57
259            <intent-filter>
259-->[androidx.profileinstaller:profileinstaller:1.3.0] AndroidManifest.xml:40:13-42:29
260                <action android:name="androidx.profileinstaller.action.INSTALL_PROFILE" />
260-->[androidx.profileinstaller:profileinstaller:1.3.0] AndroidManifest.xml:41:17-91
260-->[androidx.profileinstaller:profileinstaller:1.3.0] AndroidManifest.xml:41:25-88
261            </intent-filter>
262            <intent-filter>
262-->[androidx.profileinstaller:profileinstaller:1.3.0] AndroidManifest.xml:43:13-45:29
263                <action android:name="androidx.profileinstaller.action.SKIP_FILE" />
263-->[androidx.profileinstaller:profileinstaller:1.3.0] AndroidManifest.xml:44:17-85
263-->[androidx.profileinstaller:profileinstaller:1.3.0] AndroidManifest.xml:44:25-82
264            </intent-filter>
265            <intent-filter>
265-->[androidx.profileinstaller:profileinstaller:1.3.0] AndroidManifest.xml:46:13-48:29
266                <action android:name="androidx.profileinstaller.action.SAVE_PROFILE" />
266-->[androidx.profileinstaller:profileinstaller:1.3.0] AndroidManifest.xml:47:17-88
266-->[androidx.profileinstaller:profileinstaller:1.3.0] AndroidManifest.xml:47:25-85
267            </intent-filter>
268            <intent-filter>
268-->[androidx.profileinstaller:profileinstaller:1.3.0] AndroidManifest.xml:49:13-51:29
269                <action android:name="androidx.profileinstaller.action.BENCHMARK_OPERATION" />
269-->[androidx.profileinstaller:profileinstaller:1.3.0] AndroidManifest.xml:50:17-95
269-->[androidx.profileinstaller:profileinstaller:1.3.0] AndroidManifest.xml:50:25-92
270            </intent-filter>
271        </receiver>
272    </application>
273
274</manifest>